<?xml version="1.0" encoding="UTF-8"?>
<!-- Generated by org.testng.reporters.JUnitReportReporter -->
<testsuite hostname="AyushRaj" failures="0" tests="1" name="automation_test.FristMavenTestng" time="0.008" errors="0" timestamp="2021-09-04T20:14:34 IST" skipped="0">
  <testcase classname="automation_test.FristMavenTestng" name="test1" time="0.008"/>
  <system-out/>
</testsuite> <!-- automation_test.FristMavenTestng -->
