<?xml version="1.0" encoding="UTF-8"?>
<!-- Generated by org.testng.reporters.JUnitReportReporter -->
<testsuite hostname="AyushRaj" failures="0" tests="1" name="com.org.utils.Calculator" time="0.006" errors="0" timestamp="2021-08-29T20:42:59 IST" skipped="0">
  <testcase classname="com.org.utils.Calculator" name="testsomeError2" time="0.006"/>
  <system-out/>
</testsuite> <!-- com.org.utils.Calculator -->
