<?xml version="1.0" encoding="UTF-8"?>
<!-- Generated by org.testng.reporters.JUnitReportReporter -->
<testsuite hostname="AyushRaj" failures="0" tests="3" name="com.org.WebsiteTesting" time="0.010" errors="0" timestamp="2021-08-29T21:56:29 IST" skipped="0">
  <testcase classname="com.org.WebsiteTesting" name="login" time="0.001"/>
  <system-out/>
  <testcase classname="com.org.WebsiteTesting" name="login" time="0.004"/>
  <system-out/>
  <testcase classname="com.org.WebsiteTesting" name="login" time="0.005"/>
  <system-out/>
</testsuite> <!-- com.org.WebsiteTesting -->
