<?xml version="1.0" encoding="UTF-8"?>
<!-- Generated by org.testng.reporters.JUnitReportReporter -->
<testsuite hostname="AyushRaj" failures="0" tests="8" name="com.org.SampleTestParalleTest" time="16.092" errors="0" timestamp="2021-08-29T23:14:03 IST" skipped="0">
  <testcase classname="com.org.SampleTestParalleTest" name="linkuscheckout" time="2.013"/>
  <system-out/>
  <testcase classname="com.org.SampleTestParalleTest" name="windowscheckout" time="1.007"/>
  <system-out/>
  <testcase classname="com.org.SampleTestParalleTest" name="linkuscheckout" time="2.006"/>
  <system-out/>
  <testcase classname="com.org.SampleTestParalleTest" name="windowscheckout" time="1.006"/>
  <system-out/>
  <testcase classname="com.org.SampleTestParalleTest" name="maclogin" time="3.006"/>
  <system-out/>
  <testcase classname="com.org.SampleTestParalleTest" name="maclogin" time="3.023"/>
  <system-out/>
  <testcase classname="com.org.SampleTestParalleTest" name="windowslogin" time="2.017"/>
  <system-out/>
  <testcase classname="com.org.SampleTestParalleTest" name="windowslogin" time="2.014"/>
  <system-out/>
</testsuite> <!-- com.org.SampleTestParalleTest -->
