<?xml version="1.0" encoding="UTF-8"?>
<!-- Generated by org.testng.reporters.JUnitReportReporter -->
<testsuite hostname="AyushRaj" failures="0" tests="1" name="com.org.test.CalcLinTestNg2" time="0.005" errors="0" timestamp="2021-08-28T20:07:04 IST" skipped="0">
  <testcase classname="com.org.test.CalcLinTestNg2" name="myfristNewcase" time="0.005"/>
  <system-out/>
</testsuite> <!-- com.org.test.CalcLinTestNg2 -->
