<?xml version="1.0" encoding="UTF-8"?>
<!-- Generated by org.testng.reporters.JUnitReportReporter -->
<testsuite hostname="AyushRaj" failures="0" tests="2" name="com.org.test3.AttributeGroupTest" time="0.009" errors="0" timestamp="2021-08-29T19:27:19 IST" skipped="0">
  <testcase classname="com.org.test3.AttributeGroupTest" name="OpenBrowser" time="0.001"/>
  <system-out/>
  <testcase classname="com.org.test3.AttributeGroupTest" name="CleanupDataBase" time="0.008"/>
  <system-out/>
</testsuite> <!-- com.org.test3.AttributeGroupTest -->
