<?xml version="1.0" encoding="UTF-8"?>
<!-- Generated by org.testng.reporters.JUnitReportReporter -->
<testsuite hostname="AyushRaj" failures="0" tests="2" name="com.org.test3.AttributeDependOnMethodeTest" time="0.006" errors="0" timestamp="2021-08-28T22:40:22 IST" skipped="0">
  <testcase classname="com.org.test3.AttributeDependOnMethodeTest" name="CleanupDataBase" time="0.000"/>
  <system-out/>
  <testcase classname="com.org.test3.AttributeDependOnMethodeTest" name="Checkout" time="0.006"/>
  <system-out/>
</testsuite> <!-- com.org.test3.AttributeDependOnMethodeTest -->
