<?xml version="1.0" encoding="UTF-8"?>
<!-- Generated by org.testng.reporters.JUnitReportReporter -->
<testsuite hostname="AyushRaj" failures="0" tests="2" name="com.org.test2.CalcLibTestNg" time="0.004" errors="0" timestamp="2021-08-28T20:07:04 IST" skipped="0">
  <testcase classname="com.org.test2.CalcLibTestNg" name="test1" time="0.001"/>
  <system-out/>
  <testcase classname="com.org.test2.CalcLibTestNg" name="test2" time="0.003"/>
  <system-out/>
</testsuite> <!-- com.org.test2.CalcLibTestNg -->
