<?xml version="1.0" encoding="UTF-8"?>
<!-- Generated by org.testng.reporters.JUnitReportReporter -->
<testsuite hostname="AyushRaj" failures="0" tests="6" name="com.org.test3.AttributeTests" time="0.011" errors="0" timestamp="2021-08-28T21:23:47 IST" skipped="0">
  <testcase classname="com.org.test3.AttributeTests" name="Cat" time="0.001"/>
  <system-out/>
  <testcase classname="com.org.test3.AttributeTests" name="Xmax" time="0.001"/>
  <system-out/>
  <testcase classname="com.org.test3.AttributeTests" name="Apple" time="0.007"/>
  <system-out/>
  <testcase classname="com.org.test3.AttributeTests" name="Testcase2" time="0.001"/>
  <system-out/>
  <testcase classname="com.org.test3.AttributeTests" name="Testcase3" time="0.000"/>
  <system-out/>
  <testcase classname="com.org.test3.AttributeTests" name="Testcase1" time="0.001"/>
  <system-out/>
</testsuite> <!-- com.org.test3.AttributeTests -->
