<?xml version="1.0" encoding="UTF-8"?>
<!-- Generated by org.testng.reporters.JUnitReportReporter -->
<testsuite hostname="AyushRaj" failures="0" tests="1" name="com.org.calculator.CalcLinTestNg2" time="0.004" errors="0" timestamp="2021-08-28T18:36:07 IST" skipped="0">
  <testcase classname="com.org.calculator.CalcLinTestNg2" name="myfristNewcase" time="0.004"/>
  <system-out/>
</testsuite> <!-- com.org.calculator.CalcLinTestNg2 -->
