<?xml version="1.0" encoding="UTF-8"?>
<!-- Generated by org.testng.reporters.JUnitReportReporter -->
<testsuite hostname="AyushRaj" failures="0" tests="3" name="com.org.test3.FacbookModule" time="0.009" errors="0" timestamp="2021-08-28T21:57:46 IST" skipped="1">
  <testcase classname="com.org.test3.FacbookModule" name="logout" time="0.005"/>
  <system-out/>
  <testcase classname="com.org.test3.FacbookModule" name="weblogin" time="0.004"/>
  <system-out/>
  <testcase classname="com.org.test3.FacbookModule" name="mobilelogin">
    <skipped/>
  </testcase> <!-- mobilelogin -->
  <system-out/>
</testsuite> <!-- com.org.test3.FacbookModule -->
